<?xml version="1.0" encoding="UTF-8"?>
<testsuite xmlns:xsi="http://www.w3.org/2001/XMLSchema-instance" xsi:noNamespaceSchemaLocation="https://maven.apache.org/surefire/maven-surefire-plugin/xsd/surefire-test-report-3.0.xsd" version="3.0" name="petstore.Pet" time="3.641" tests="1" errors="0" skipped="0" failures="0">
  <properties>
[...]
</properties>
  <testcase name="postPet" classname="petstore.Pet" time="3.601">
    <system-out><![CDATA[Request method:	POST
Request URI:	https://petstore.swagger.io/v2/pet
Proxy:			<none>
Request params:	<none>
Query params:	<none>
Form params:	<none>
Path params:	<none>
Headers:		Accept=*/*
				Content-Type=application/json
Cookies:		<none>
Multiparts:		<none>
Body:
{
    "id": 413661,
    "category": {
        "id": 1,
        "name": "dog"
    },
    "name": "Flor",
    "photoUrls": [
        
    ],
    "tags": [
        {
            "id": 1,
            "name": "vacinado"
        },
        {
            "id": 2,
            "name": "vermifugado"
        }
    ],
    "status": "available"
}
HTTP/1.1 200 OK
Date: Tue, 16 Dec 2025 01:04:59 GMT
Content-Type: application/json
Transfer-Encoding: chunked
Connection: keep-alive
Access-Control-Allow-Origin: *
Access-Control-Allow-Methods: GET, POST, DELETE, PUT
Access-Control-Allow-Headers: Content-Type, api_key, Authorization
Server: Jetty(9.2.9.v20150224)

{
    "id": 413661,
    "category": {
        "id": 1,
        "name": "dog"
    },
    "name": "Flor",
    "photoUrls": [
        
    ],
    "tags": [
        {
            "id": 1,
            "name": "vacinado"
        },
        {
            "id": 2,
            "name": "vermifugado"
        }
    ],
    "status": "available"
}
]]></system-out>
  </testcase>
</testsuite>